<?xml version="1.0" encoding="UTF-8"?>
<!-- Generated by org.testng.reporters.JUnitXMLReporter -->
<testsuite ignored="0" hostname="ANEESH" failures="1" tests="1" name="Default test" time="13.041" errors="0" timestamp="2025-11-28T16:55:36 IST">
  <testcase classname="io.cucumber.testng.AbstractTestNGCucumberTests" name="runScenario" time="11.68">
    <failure type="java.lang.AssertionError" message="expected [Your Account Has Been Created!] but found [Register Account]">
      <![CDATA[java.lang.AssertionError: expected [Your Account Has Been Created!] but found [Register Account]
at org.testng.Assert.fail(Assert.java:111)
at org.testng.Assert.failNotEquals(Assert.java:1590)
at org.testng.Assert.assertEqualsImpl(Assert.java:150)
at org.testng.Assert.assertEquals(Assert.java:132)
at org.testng.Assert.assertEquals(Assert.java:656)
at org.testng.Assert.assertEquals(Assert.java:666)
at stepdefinition.TC_RF_001.user_should_be_registered_successfully(TC_RF_001.java:78)
at ✽.User should be Registered Successfully(file:///C:/Users/admin/Documents/workspace-spring-tools-for-eclipse-4.32.1.RELEASE/KCLife/Vrindavan/01_registration.feature:15)
]]>
    </failure>
  </testcase> <!-- runScenario -->
</testsuite> <!-- Default test -->
